[26/Oct/2017: 00:00:00] INFO:   1|1|1|0
[26/Oct/2017: 00:00:00] INFO:   1|1|2|0
[26/Oct/2017: 00:00:00] INFO:   1|2|1|0
[26/Oct/2017: 00:00:00] INFO:   1|2|2|0
[26/Oct/2017: 00:00:00] INFO:   1|3|1|0
[26/Oct/2017: 00:00:00] INFO:   1|3|2|0
[26/Oct/2017: 00:00:00] INFO:   1|3|3|0
[26/Oct/2017: 00:00:00] INFO:   2|1|1|0
[26/Oct/2017: 00:00:00] INFO:   2|1|2|0
[26/Oct/2017: 00:00:00] INFO:   2|2|1|0
[26/Oct/2017: 00:00:00] INFO:   2|2|2|0
[26/Oct/2017: 00:00:00] ERROR:  2|3|1|1
[26/Oct/2017: 00:00:00] INFO:   2|3|2|0
[26/Oct/2017: 00:00:00] INFO:   2|3|3|0
[26/Oct/2017: 00:00:00] INFO:   3|1|1|0
[26/Oct/2017: 00:00:00] INFO:   3|1|2|0
[26/Oct/2017: 00:00:00] INFO:   3|2|1|0
[26/Oct/2017: 00:00:00] ERROR:  3|2|2|1
[26/Oct/2017: 00:00:00] INFO:   3|3|1|0
[26/Oct/2017: 00:00:00] INFO:   3|3|2|0
[26/Oct/2017: 00:00:00] INFO:   3|3|3|0
[26/Oct/2017: 00:00:00] ERROR:  4|1|1|1
[26/Oct/2017: 00:00:00] INFO:   4|1|2|0
[26/Oct/2017: 00:00:00] INFO:   4|2|1|0
[26/Oct/2017: 00:00:00] INFO:   4|2|2|0
[26/Oct/2017: 00:00:00] INFO:   4|3|1|0
[26/Oct/2017: 00:00:00] INFO:   4|3|2|0
[26/Oct/2017: 00:00:00] INFO:   4|3|3|0
